<?xml version="1.0" encoding="UTF-8"?>
<!-- Generated by org.testng.reporters.JUnitReportReporter -->
<testsuite hostname="PC" name="org.drc.vat.StepDefinitions.TestRunner" tests="1" failures="0" timestamp="18 Jun 2018 19:52:44 GMT" time="361.261" errors="0">
  <testcase name="feature" time="361.261" classname="org.drc.vat.StepDefinitions.TestRunner"/>
</testsuite> <!-- org.drc.vat.StepDefinitions.TestRunner -->
