<?xml version="1.0" encoding="UTF-8"?>
<!-- Generated by org.testng.reporters.JUnitReportReporter -->
<testsuite hostname="1R-22" name="org.drc.vat.StepDefinitions.TestRunner" tests="1" failures="0" timestamp="14 Dec 2018 07:21:50 GMT" time="206.116" errors="0">
  <testcase name="feature" time="206.116" classname="org.drc.vat.StepDefinitions.TestRunner"/>
</testsuite> <!-- org.drc.vat.StepDefinitions.TestRunner -->
