<?xml version="1.0" encoding="UTF-8"?>
<!-- Generated by org.testng.reporters.JUnitReportReporter -->
<testsuite hostname="cs60-pc" name="org.drc.vat.appmanager.NewTest" tests="1" failures="0" timestamp="18 Jul 2018 13:47:01 GMT" time="0.020" errors="0">
  <testcase name="f" time="0.020" classname="org.drc.vat.appmanager.NewTest"/>
</testsuite> <!-- org.drc.vat.appmanager.NewTest -->
