<?xml version="1.0" encoding="UTF-8"?>
<!-- Generated by org.testng.reporters.JUnitReportReporter -->
<testsuite hostname="1R-22" name="org.drc.vat.StepDefinitions.TestRunner" tests="1" failures="0" timestamp="28 Dec 2018 06:00:02 GMT" time="136.804" errors="0">
  <testcase name="feature" time="136.804" classname="org.drc.vat.StepDefinitions.TestRunner"/>
</testsuite> <!-- org.drc.vat.StepDefinitions.TestRunner -->
