<?xml version="1.0" encoding="UTF-8"?>
<!-- Generated by org.testng.reporters.JUnitReportReporter -->
<testsuite hostname="1R-22" name="org.drc.vat.StepDefinitions.TestRunner" tests="1" failures="0" timestamp="7 Jan 2019 05:36:18 GMT" time="176.015" errors="0">
  <testcase name="feature" time="176.015" classname="org.drc.vat.StepDefinitions.TestRunner"/>
</testsuite> <!-- org.drc.vat.StepDefinitions.TestRunner -->
