<?xml version="1.0" encoding="UTF-8"?>
<!-- Generated by org.testng.reporters.JUnitReportReporter -->
<testsuite name="org.drc.vat.StepDefinitions.TestRunner" tests="1" time="200.382" ignored="0" failures="0" timestamp="12 Dec 2018 07:52:02 GMT" skipped="0" hostname="LP101" errors="0">
  <testcase name="feature" time="200.382" classname="org.drc.vat.StepDefinitions.TestRunner"/>
</testsuite> <!-- org.drc.vat.StepDefinitions.TestRunner -->
