<?xml version="1.0" encoding="UTF-8"?>
<!-- Generated by org.testng.reporters.JUnitReportReporter -->
<testsuite skipped="0" hostname="cs60-pc" name="login.Login" tests="1" failures="0" timestamp="16 May 2018 11:58:48 GMT" time="0.008" errors="0">
  <testcase name="f" time="0.008" classname="login.Login"/>
</testsuite> <!-- login.Login -->
