<?xml version="1.0" encoding="UTF-8"?>
<!-- Generated by org.testng.reporters.JUnitReportReporter -->
<testsuite hostname="1R-23" name="org.drc.vat.StepDefinitions.TestRunner" tests="1" failures="0" timestamp="27 Dec 2018 10:42:26 GMT" time="132.186" errors="0">
  <testcase name="feature" time="132.186" classname="org.drc.vat.StepDefinitions.TestRunner"/>
</testsuite> <!-- org.drc.vat.StepDefinitions.TestRunner -->
