<?xml version="1.0" encoding="UTF-8"?>
<!-- Generated by org.testng.reporters.JUnitReportReporter -->
<testsuite hostname="cs60-pc" name="org.drc.vat.StepDefinitions.NewTest" tests="1" failures="0" timestamp="29 Aug 2018 05:17:33 GMT" time="6.323" errors="0">
  <testcase name="f" time="6.323" classname="org.drc.vat.StepDefinitions.NewTest"/>
</testsuite> <!-- org.drc.vat.StepDefinitions.NewTest -->
