<?xml version="1.0" encoding="UTF-8"?>
<!-- Generated by org.testng.reporters.JUnitReportReporter -->
<testsuite name="org.smoke.StepDefinitions.TestRunner" tests="1" time="0.282" ignored="0" failures="0" timestamp="21 Aug 2018 12:33:06 GMT" skipped="0" hostname="LP52" errors="0">
  <testcase name="feature" time="0.282" classname="org.smoke.StepDefinitions.TestRunner"/>
</testsuite> <!-- org.smoke.StepDefinitions.TestRunner -->
