<?xml version="1.0" encoding="UTF-8"?>
<!-- Generated by org.testng.reporters.JUnitReportReporter -->
<testsuite name="org.drc.vat.StepDefinitions.TestRunner" tests="1" time="338.215" ignored="0" failures="0" timestamp="06 Apr 2019 07:04:45 GMT" skipped="0" hostname="LP150" errors="0">
  <testcase name="feature" time="338.215" classname="org.drc.vat.StepDefinitions.TestRunner"/>
</testsuite> <!-- org.drc.vat.StepDefinitions.TestRunner -->
