<?xml version="1.0" encoding="UTF-8"?>
<!-- Generated by org.testng.reporters.JUnitReportReporter -->
<testsuite hostname="1R-22" name="org.drc.vat.StepDefinitions.TestRunner" tests="7" failures="0" timestamp="4 Feb 2019 08:42:37 GMT" time="1995.924" errors="0">
  <testcase name="feature" time="317.696" classname="org.drc.vat.StepDefinitions.TestRunner"/>
  <testcase name="feature" time="396.215" classname="org.drc.vat.StepDefinitions.TestRunner"/>
  <testcase name="feature" time="298.812" classname="org.drc.vat.StepDefinitions.TestRunner"/>
  <testcase name="feature" time="457.830" classname="org.drc.vat.StepDefinitions.TestRunner"/>
  <testcase name="feature" time="15.683" classname="org.drc.vat.StepDefinitions.TestRunner"/>
  <testcase name="feature" time="107.665" classname="org.drc.vat.StepDefinitions.TestRunner"/>
  <testcase name="feature" time="402.023" classname="org.drc.vat.StepDefinitions.TestRunner"/>
</testsuite> <!-- org.drc.vat.StepDefinitions.TestRunner -->
