<?xml version="1.0" encoding="UTF-8"?>
<!-- Generated by org.testng.reporters.JUnitReportReporter -->
<testsuite hostname="LP17" name="org.drc.vat.StepDefinitions.TestRunner" tests="1" failures="0" timestamp="4 Jan 2019 07:48:53 GMT" time="297.989" errors="0">
  <testcase name="feature" time="297.989" classname="org.drc.vat.StepDefinitions.TestRunner"/>
</testsuite> <!-- org.drc.vat.StepDefinitions.TestRunner -->
