<?xml version="1.0" encoding="UTF-8"?>
<!-- Generated by org.testng.reporters.JUnitReportReporter -->
<testsuite hostname="LP17" name="org.drc.vat.StepDefinitions.TestRunner" tests="1" failures="0" timestamp="28 Dec 2018 08:05:00 GMT" time="184.900" errors="0">
  <testcase name="feature" time="184.900" classname="org.drc.vat.StepDefinitions.TestRunner"/>
</testsuite> <!-- org.drc.vat.StepDefinitions.TestRunner -->
