<?xml version="1.0" encoding="UTF-8"?>
<!-- Generated by org.testng.reporters.JUnitReportReporter -->
<testsuite hostname="1R-23" name="org.drc.vat.StepDefinitions.TestRunner" tests="1" failures="0" timestamp="18 Dec 2018 07:48:03 GMT" time="37.747" errors="0">
  <testcase name="feature" time="37.747" classname="org.drc.vat.StepDefinitions.TestRunner"/>
</testsuite> <!-- org.drc.vat.StepDefinitions.TestRunner -->
