<?xml version="1.0" encoding="UTF-8"?>
<!-- Generated by org.testng.reporters.JUnitReportReporter -->
<testsuite hostname="CS74-PC" name="org.drc.vat.StepDefinitions.TestRunner" tests="1" failures="0" timestamp="18 Jan 2019 14:53:37 GMT" time="186.800" errors="0">
  <testcase name="feature" time="186.800" classname="org.drc.vat.StepDefinitions.TestRunner"/>
</testsuite> <!-- org.drc.vat.StepDefinitions.TestRunner -->
