<?xml version="1.0" encoding="UTF-8"?>
<!-- Generated by org.testng.reporters.JUnitReportReporter -->
<testsuite skipped="0" hostname="1R-22" name="org.drc.vat.StepDefinitions.TestRunner" tests="1" failures="0" timestamp="09 Apr 2019 07:51:04 GMT" time="1803.807" errors="0">
  <testcase name="feature" time="1803.807" classname="org.drc.vat.StepDefinitions.TestRunner"/>
</testsuite> <!-- org.drc.vat.StepDefinitions.TestRunner -->
