<?xml version="1.0" encoding="UTF-8"?>
<!-- Generated by org.testng.reporters.JUnitReportReporter -->
<testsuite hostname="LP17" name="org.drc.vat.StepDefinitions.TestRunner" tests="1" failures="0" timestamp="25 Jan 2019 08:01:52 GMT" time="81.911" errors="0">
  <testcase name="feature" time="81.911" classname="org.drc.vat.StepDefinitions.TestRunner"/>
</testsuite> <!-- org.drc.vat.StepDefinitions.TestRunner -->
