<?xml version="1.0" encoding="UTF-8"?>
<!-- Generated by org.testng.reporters.JUnitReportReporter -->
<testsuite name="org.drc.vat.StepDefinitions.TestRunner" tests="1" time="0.000" ignored="0" failures="0" timestamp="17 Aug 2018 09:33:05 GMT" skipped="1" hostname="LP41" errors="0">
  <testcase name="feature" time="0.000" classname="org.drc.vat.StepDefinitions.TestRunner">
    <skipped/>
  </testcase> <!-- feature -->
</testsuite> <!-- org.drc.vat.StepDefinitions.TestRunner -->
